<?xml version="1.0" encoding="UTF-8"?>
<testng-results ignored="0" total="1" passed="1" failed="0" skipped="0">
  <reporter-output>
  </reporter-output>
  <suite started-at="2019-10-05T20:34:03 EDT" name="Default suite" finished-at="2019-10-05T20:34:31 EDT" duration-ms="28074">
    <groups>
    </groups>
    <test started-at="2019-10-05T20:34:03 EDT" name="Default test" finished-at="2019-10-05T20:34:31 EDT" duration-ms="28074">
      <class name="testcases.TestAmazon">
        <test-method is-config="true" signature="beforeEachMethod()[pri:0, instance:testcases.TestAmazon@192c3f1e]" started-at="2019-10-05T20:34:03 EDT" name="beforeEachMethod" finished-at="2019-10-05T20:34:23 EDT" duration-ms="20666" status="PASS">
          <reporter-output>
          </reporter-output>
        </test-method> <!-- beforeEachMethod -->
        <test-method signature="SearchMusic()[pri:0, instance:testcases.TestAmazon@192c3f1e]" started-at="2019-10-05T20:34:23 EDT" name="SearchMusic" finished-at="2019-10-05T20:34:30 EDT" duration-ms="6485" status="PASS">
          <reporter-output>
          </reporter-output>
        </test-method> <!-- SearchMusic -->
        <test-method is-config="true" signature="afterEachMethod()[pri:0, instance:testcases.TestAmazon@192c3f1e]" started-at="2019-10-05T20:34:30 EDT" name="afterEachMethod" finished-at="2019-10-05T20:34:31 EDT" duration-ms="848" status="PASS">
          <reporter-output>
          </reporter-output>
        </test-method> <!-- afterEachMethod -->
      </class> <!-- testcases.TestAmazon -->
    </test> <!-- Default test -->
  </suite> <!-- Default suite -->
</testng-results>
